Arguments: 
  /usr/local/bin/node /usr/share/yarn/bin/yarn.js add jquery

PATH: 
  /home/tobi/bin:/home/tobi/.local/bin:/home/tobi/bin:/home/tobi/.local/bin:/usr/local/sbin:/usr/local/bin:/usr/sbin:/usr/bin:/sbin:/bin:/usr/games:/usr/local/games:/snap/bin

Yarn version: 
  1.6.0

Node version: 
  9.2.0

Platform: 
  linux x64

Trace: 
  Error: https://registry.yarnpkg.com/jquery: ETIMEDOUT
      at Timeout._onTimeout (/usr/share/yarn/lib/cli.js:133819:19)
      at ontimeout (timers.js:478:11)
      at tryOnTimeout (timers.js:302:5)
      at Timer.listOnTimeout (timers.js:262:5)

npm manifest: 
  {
    "dependencies": {
      "angular": "^1.7.0",
      "bootstrap": "^4.1.1"
    }
  }

yarn manifest: 
  No manifest

Lockfile: 
  # THIS IS AN AUTOGENERATED FILE. DO NOT EDIT THIS FILE DIRECTLY.
  # yarn lockfile v1
  
  
  angular@^1.7.0:
    version "1.7.0"
    resolved "https://registry.yarnpkg.com/angular/-/angular-1.7.0.tgz#e45d679fc8d81040a4894c7ccc16a4e1ad0a9ca6"
  
  bootstrap@^4.1.1:
    version "4.1.1"
    resolved "https://registry.yarnpkg.com/bootstrap/-/bootstrap-4.1.1.tgz#3aec85000fa619085da8d2e4983dfd67cf2114cb"
